<?xml version="1.0" encoding="UTF-8"?>
<coverage generated="1725139203532" clover="3.2.0">
  <project timestamp="1725139203533" name="All files">
    <metrics statements="2" coveredstatements="2" conditionals="0" coveredconditionals="0" methods="2" coveredmethods="2" elements="4" coveredelements="4" complexity="0" loc="2" ncloc="2" packages="1" files="1" classes="1"/>
    <file name="characters.js" path="/home/vitaliy/repos/js_homeworks/tests/matchers/src/characters.js">
      <metrics statements="2" coveredstatements="2" conditionals="0" coveredconditionals="0" methods="2" coveredmethods="2"/>
      <line num="2" count="1" type="stmt"/>
      <line num="3" count="4" type="stmt"/>
    </file>
  </project>
</coverage>
