{"/home/vitaliy/repos/js_homeworks/tests/matchers/src/characters.js": {"path":"/home/vitaliy/repos/js_homeworks/tests/matchers/src/characters.js","statementMap":{"0":{"start":{"line":2,"column":33},"end":{"line":2,"column":52}},"1":{"start":{"line":3,"column":4},"end":{"line":3,"column":68}},"2":{"start":{"line":3,"column":47},"end":{"line":3,"column":66}}},"fnMap":{"0":{"name":"getSortedCharactersList","decl":{"start":{"line":1,"column":16},"end":{"line":1,"column":39}},"loc":{"start":{"line":1,"column":56},"end":{"line":4,"column":1}},"line":1},"1":{"name":"(anonymous_1)","decl":{"start":{"line":3,"column":37},"end":{"line":3,"column":38}},"loc":{"start":{"line":3,"column":47},"end":{"line":3,"column":66}},"line":3}},"branchMap":{},"s":{"0":1,"1":1,"2":4},"f":{"0":1,"1":4},"b":{},"_coverageSchema":"1a1c01bbd47fc00a2c39e90264f33305004495a9","hash":"b91b9d8c612cedd773d09724dae82b53a671dc4b"}
}
